2021-04-27 22:57:37,506 INFO o.a.j.u.JMeterUtils: Setting Locale to en_IT
2021-04-27 22:57:37,535 INFO o.a.j.JMeter: Loading user properties from: /Users/veronica/Downloads/apache-jmeter-5.4.1/bin/user.properties
2021-04-27 22:57:37,536 INFO o.a.j.JMeter: Loading system properties from: /Users/veronica/Downloads/apache-jmeter-5.4.1/bin/system.properties
2021-04-27 22:57:37,544 INFO o.a.j.JMeter: Copyright (c) 1998-2021 The Apache Software Foundation
2021-04-27 22:57:37,544 INFO o.a.j.JMeter: Version 5.4.1
2021-04-27 22:57:37,544 INFO o.a.j.JMeter: java.version=11.0.10
2021-04-27 22:57:37,544 INFO o.a.j.JMeter: java.vm.name=OpenJDK 64-Bit Server VM
2021-04-27 22:57:37,544 INFO o.a.j.JMeter: os.name=Mac OS X
2021-04-27 22:57:37,544 INFO o.a.j.JMeter: os.arch=x86_64
2021-04-27 22:57:37,544 INFO o.a.j.JMeter: os.version=11.3
2021-04-27 22:57:37,544 INFO o.a.j.JMeter: file.encoding=UTF-8
2021-04-27 22:57:37,544 INFO o.a.j.JMeter: java.awt.headless=null
2021-04-27 22:57:37,545 INFO o.a.j.JMeter: Max memory     =4294967296
2021-04-27 22:57:37,545 INFO o.a.j.JMeter: Available Processors =8
2021-04-27 22:57:37,551 INFO o.a.j.JMeter: Default Locale=English (Italy)
2021-04-27 22:57:37,551 INFO o.a.j.JMeter: JMeter  Locale=English (Italy)
2021-04-27 22:57:37,551 INFO o.a.j.JMeter: JMeterHome=/Users/veronica/Downloads/apache-jmeter-5.4.1
2021-04-27 22:57:37,551 INFO o.a.j.JMeter: user.dir  =/Users/veronica/Documents/Workspaces/java/JMeter-Rabbit-AMQP
2021-04-27 22:57:37,551 INFO o.a.j.JMeter: PWD       =/Users/veronica/Documents/Workspaces/java/JMeter-Rabbit-AMQP
2021-04-27 22:57:37,555 INFO o.a.j.JMeter: IP: 192.168.1.78 Name: MBP-di-Veronica.lan FullName: mbp-di-veronica.lan
2021-04-27 22:57:37,970 INFO o.a.j.JMeter: Setting LAF to: com.github.weisj.darklaf.DarkLaf:com.github.weisj.darklaf.theme.DarculaTheme
2021-04-27 22:57:39,141 INFO o.a.j.JMeter: Loaded icon properties from org/apache/jmeter/images/icon.properties
2021-04-27 22:57:56,186 INFO c.z.j.p.a.g.AMQPSamplerGui: AMQPSamplerGui.modifyTestElement() called, set user/pass to guest/guest on sampler com.zeroclue.jmeter.protocol.amqp.AMQPConsumer@6cb3c740
2021-04-27 22:57:56,189 INFO c.z.j.p.a.g.AMQPSamplerGui: AMQPSamplerGui.configure() called
2021-04-27 22:57:56,190 INFO c.z.j.p.a.g.AMQPSamplerGui: AMQPSamplerGui.modifyTestElement() called, set user/pass to guest/guest on sampler com.zeroclue.jmeter.protocol.amqp.AMQPConsumer@6cb3c740
2021-04-27 22:57:56,226 INFO c.z.j.p.a.g.AMQPSamplerGui: AMQPSamplerGui.configure() called
2021-04-27 22:57:56,226 INFO c.z.j.p.a.g.AMQPSamplerGui: AMQPSamplerGui.modifyTestElement() called, set user/pass to guest/guest on sampler com.zeroclue.jmeter.protocol.amqp.AMQPConsumer@6cb3c740
2021-04-27 22:57:56,229 INFO c.z.j.p.a.g.AMQPSamplerGui: AMQPSamplerGui.configure() called
2021-04-27 22:57:56,243 INFO c.z.j.p.a.g.AMQPSamplerGui: AMQPSamplerGui.modifyTestElement() called, set user/pass to guest/guest on sampler com.zeroclue.jmeter.protocol.amqp.AMQPConsumer@6cb3c740
2021-04-27 22:57:56,246 INFO c.z.j.p.a.g.AMQPSamplerGui: AMQPSamplerGui.configure() called
2021-04-27 22:58:31,578 INFO c.z.j.p.a.g.AMQPSamplerGui: AMQPSamplerGui.modifyTestElement() called, set user/pass to guest/guest on sampler com.zeroclue.jmeter.protocol.amqp.AMQPConsumer@6cb3c740
2021-04-27 22:58:31,584 INFO c.z.j.p.a.g.AMQPSamplerGui: AMQPSamplerGui.configure() called
2021-04-27 22:58:41,163 INFO c.z.j.p.a.g.AMQPSamplerGui: AMQPSamplerGui.modifyTestElement() called, set user/pass to guest/guest on sampler com.zeroclue.jmeter.protocol.amqp.AMQPConsumer@6cb3c740
2021-04-27 22:58:41,168 INFO c.z.j.p.a.g.AMQPSamplerGui: AMQPSamplerGui.configure() called
2021-04-27 22:58:46,221 INFO c.z.j.p.a.g.AMQPSamplerGui: AMQPSamplerGui.modifyTestElement() called, set user/pass to guest/guest on sampler com.zeroclue.jmeter.protocol.amqp.AMQPConsumer@6cb3c740
2021-04-27 22:58:46,226 INFO c.z.j.p.a.g.AMQPSamplerGui: AMQPSamplerGui.configure() called
2021-04-27 22:58:47,589 INFO c.z.j.p.a.g.AMQPSamplerGui: AMQPSamplerGui.modifyTestElement() called, set user/pass to guest/guest on sampler com.zeroclue.jmeter.protocol.amqp.AMQPConsumer@6cb3c740
